<?xml version="1.0" encoding="UTF-8"?>
<testng-results ignored="0" total="1" passed="1" failed="0" skipped="0">
  <reporter-output>
  </reporter-output>
  <suite started-at="2023-12-09T08:47:39Z" name="Suite" finished-at="2023-12-09T08:47:53Z" duration-ms="14089">
    <groups>
    </groups>
    <test started-at="2023-12-09T08:47:39Z" name="Test" finished-at="2023-12-09T08:47:53Z" duration-ms="14089">
      <class name="org.login.Demo">
        <test-method signature="tc1()[pri:0, instance:org.login.Demo@6279cee3]" started-at="2023-12-09T08:47:39Z" name="tc1" finished-at="2023-12-09T08:47:53Z" duration-ms="14018" status="PASS">
          <reporter-output>
          </reporter-output>
        </test-method> <!-- tc1 -->
      </class> <!-- org.login.Demo -->
    </test> <!-- Test -->
  </suite> <!-- Suite -->
</testng-results>
