<?xml version="1.0" encoding="UTF-8"?>
<testng-results skipped="0" failed="0" ignored="0" total="1" passed="1">
  <reporter-output>
  </reporter-output>
  <suite name="Default suite" duration-ms="19174" started-at="2023-11-29T13:45:25Z" finished-at="2023-11-29T13:45:44Z">
    <groups>
    </groups>
    <test name="Default test" duration-ms="19174" started-at="2023-11-29T13:45:25Z" finished-at="2023-11-29T13:45:44Z">
      <class name="org.login.Demo">
        <test-method status="PASS" signature="tc1()[pri:0, instance:org.login.Demo@4678c730]" name="tc1" duration-ms="19131" started-at="2023-11-29T13:45:25Z" finished-at="2023-11-29T13:45:44Z">
          <reporter-output>
          </reporter-output>
        </test-method> <!-- tc1 -->
      </class> <!-- org.login.Demo -->
    </test> <!-- Default test -->
  </suite> <!-- Default suite -->
</testng-results>
